\BOOKMARK [1][]{section.1}{\376\377\0001\000\040\000F\000o\000r\000m\000u\000l\000\341\000c\000i\000a\000\040\000\372\000l\000o\000h\000y}{}% 1
\BOOKMARK [1][]{section.2}{\376\377\0002\000\040\000A\000n\000a\000l\000\375\000z\000a\000\040\000p\000o\001\176\000i\000a\000d\000a\000v\000i\000e\000k\000\040\000\050\000R\000e\000q\000u\000i\000r\000e\000m\000e\000n\000t\000s\000\040\000A\000n\000a\000l\000y\000s\000i\000s\000\051}{}% 2
\BOOKMARK [2][]{subsection.2.1}{\376\377\0002\000.\0001\000\040\000P\000o\000u\001\176\000\355\000v\000a\000t\000e\001\076\000s\000k\000\351\000\040\000p\000r\000\355\000b\000e\000h\000y\000\040\000\050\000U\000s\000e\000r\000\040\000S\000t\000o\000r\000i\000e\000s\000\051}{section.2}% 3
\BOOKMARK [2][]{subsection.2.2}{\376\377\0002\000.\0002\000\040\000P\000r\000\355\000p\000a\000d\000y\000\040\000p\000o\000u\001\176\000i\000t\000i\000a\000\040\000\050\000U\000s\000e\000\040\000C\000a\000s\000e\000s\000\051}{section.2}% 4
\BOOKMARK [2][]{subsection.2.3}{\376\377\0002\000.\0003\000\040\000P\000r\000i\000o\000r\000i\000t\000i\000z\000\341\000c\000i\000a\000\040\000p\000o\001\176\000i\000a\000d\000a\000v\000i\000e\000k\000\040\000\050\000M\000o\000S\000C\000o\000W\000\051}{section.2}% 5
\BOOKMARK [2][]{subsection.2.4}{\376\377\0002\000.\0004\000\040\000U\000s\000e\000\040\000C\000a\000s\000e\000\040\000D\000i\000a\000g\000r\000a\000m}{section.2}% 6
\BOOKMARK [1][]{section.3}{\376\377\0003\000\040\000K\000o\000n\000c\000e\000p\000t\000u\000\341\000l\000n\000y\000\040\000m\000o\000d\000e\000l\000\040\000\050\000C\000l\000a\000s\000s\000\040\000D\000i\000a\000g\000r\000a\000m\000\051}{}% 7
\BOOKMARK [2][]{subsection.3.1}{\376\377\0003\000.\0001\000\040\000P\000o\000p\000i\000s\000\040\000t\000r\000i\000e\000d}{section.3}% 8
\BOOKMARK [1][]{section.4}{\376\377\0004\000\040\000S\000t\000a\000v\000o\000v\000\375\000\040\000d\000i\000a\000g\000r\000a\000m\000\040\000\050\000S\000t\000a\000t\000e\000\040\000D\000i\000a\000g\000r\000a\000m\000\051}{}% 9
\BOOKMARK [2][]{subsection.4.1}{\376\377\0004\000.\0001\000\040\000S\000t\000a\000v\000o\000v\000\375\000\040\000d\000i\000a\000g\000r\000a\000m\000\040\000r\000e\000l\000\341\000c\000i\000e\000\040\000\050\000S\000e\000s\000s\000i\000o\000n\000\051}{section.4}% 10
\BOOKMARK [2][]{subsection.4.2}{\376\377\0004\000.\0002\000\040\000S\000t\000a\000v\000o\000v\000\375\000\040\000d\000i\000a\000g\000r\000a\000m\000\040\000z\000\341\000z\000n\000a\000m\000u\000\040\000d\000o\000c\000h\000\341\000d\000z\000k\000y\000\040\000\050\000A\000t\000t\000e\000n\000d\000a\000n\000c\000e\000R\000e\000c\000o\000r\000d\000\051}{section.4}% 11
\BOOKMARK [2][]{subsection.4.3}{\376\377\0004\000.\0003\000\040\000S\000t\000a\000v\000o\000v\000\375\000\040\000d\000i\000a\000g\000r\000a\000m\000\040\000z\000a\000m\000e\000s\000t\000n\000a\000n\000c\000a\000\040\000\050\000E\000m\000p\000l\000o\000y\000e\000e\000\051}{section.4}% 12
\BOOKMARK [1][]{section.5}{\376\377\0005\000\040\000S\000e\000k\000v\000e\000n\001\015\000n\000\375\000\040\000d\000i\000a\000g\000r\000a\000m\000\040\000a\000\040\000d\000i\000a\000g\000r\000a\000m\000\040\000a\000k\000t\000i\000v\000\355\000t\000\040\000\050\000S\000e\000q\000u\000e\000n\000c\000e\000\040\000\046\000\040\000A\000c\000t\000i\000v\000i\000t\000y\000\040\000d\000i\000a\000g\000r\000a\000m\000\051}{}% 13
\BOOKMARK [2][]{subsection.5.1}{\376\377\0005\000.\0001\000\040\000S\000e\000k\000v\000e\000n\001\015\000n\000\375\000\040\000d\000i\000a\000g\000r\000a\000m\000\040\000h\000l\000a\000v\000n\000\351\000h\000o\000\040\000p\000r\000o\000c\000e\000s\000u\000\040\000\050\000s\000k\000e\000n\000\040\000Q\000R\000\040\000k\000\363\000d\000u\000\051}{section.5}% 14
\BOOKMARK [2][]{subsection.5.2}{\376\377\0005\000.\0002\000\040\000D\000i\000a\000g\000r\000a\000m\000\040\000a\000k\000t\000i\000v\000\355\000t\000\040\040\023\000\040\000U\000C\000-\0000\0002\000\040\000S\000k\000e\000n\000o\000v\000a\000n\000i\000e\000\040\000Q\000R\000\040\000k\000\363\000d\000u}{section.5}% 15
\BOOKMARK [2][]{subsection.5.3}{\376\377\0005\000.\0003\000\040\000D\000i\000a\000g\000r\000a\000m\000\040\000a\000k\000t\000i\000v\000\355\000t\000\040\040\023\000\040\000U\000C\000-\0000\0006\000\040\000P\000r\000e\000h\000l\000i\000a\000d\000a\000n\000i\000e\000\040\000a\000\040\000f\000i\000l\000t\000r\000o\000v\000a\000n\000i\000e\000\040\000d\000o\000c\000h\000\341\000d\000z\000k\000y}{section.5}% 16
\BOOKMARK [1][]{section.6}{\376\377\0006\000\040\000N\000\341\000v\000r\000h\000\040\000p\000o\000u\001\176\000\355\000v\000a\000t\000e\001\076\000s\000k\000\351\000h\000o\000\040\000r\000o\000z\000h\000r\000a\000n\000i\000a\000\040\000\050\000U\000I\000-\000d\000e\000s\000i\000g\000n\000\051}{}% 17
\BOOKMARK [2][]{subsection.6.1}{\376\377\0006\000.\0001\000\040\000R\000o\000z\000h\000r\000a\000n\000i\000e\000\040\000p\000r\000e\000\040\000z\000a\000m\000e\000s\000t\000n\000a\000n\000c\000a}{section.6}% 18
\BOOKMARK [2][]{subsection.6.2}{\376\377\0006\000.\0002\000\040\000A\000d\000m\000i\000n\000i\000s\000t\000r\000\341\000t\000o\000r\000s\000k\000\351\000\040\000r\000o\000z\000h\000r\000a\000n\000i\000e}{section.6}% 19
\BOOKMARK [1][]{section.7}{\376\377\0007\000\040\000T\000e\000s\000t\000o\000v\000a\000n\000i\000e}{}% 20
\BOOKMARK [2][]{subsection.7.1}{\376\377\0007\000.\0001\000\040\000T\000e\000s\000t\000o\000v\000a\000c\000i\000a\000\040\000s\000t\000r\000a\000t\000\351\000g\000i\000a}{section.7}% 21
\BOOKMARK [2][]{subsection.7.2}{\376\377\0007\000.\0002\000\040\000T\000e\000s\000t\000o\000v\000a\000c\000i\000e\000\040\000s\000c\000e\000n\000\341\000r\000e\000\040\000\050\000t\000e\000s\000t\000\040\000c\000a\000s\000e\000s\000\051}{section.7}% 22
\BOOKMARK [1][]{section.8}{\376\377\0008\000\040\000V\000l\000a\000s\000t\000n\000\351\000\040\000r\000i\000e\001\141\000e\000n\000i\000e}{}% 23
\BOOKMARK [2][]{subsection.8.1}{\376\377\0008\000.\0001\000\040\000P\000r\000e\000h\001\076\000a\000d\000\040\000a\000r\000c\000h\000i\000t\000e\000k\000t\000\372\000r\000y}{section.8}% 24
\BOOKMARK [2][]{subsection.8.2}{\376\377\0008\000.\0002\000\040\000H\000l\000a\000v\000n\000\351\000\040\000f\000u\000n\000k\000c\000i\000o\000n\000a\000l\000i\000t\000y}{section.8}% 25
\BOOKMARK [2][]{subsection.8.3}{\376\377\0008\000.\0003\000\040\000P\000o\000u\001\176\000i\000t\000\351\000\040\000t\000e\000c\000h\000n\000o\000l\000\363\000g\000i\000e}{section.8}% 26
