This is pdfTeX, Version 3.141592653-2.6-1.40.28 (TeX Live 2025) (preloaded format=pdflatex 2026.2.7)  2 APR 2026 12:56
entering extended mode
 restricted \write18 enabled.
 %&-line parsing enabled.
**tukedip.tex
(./tukedip.tex
LaTeX2e <2025-11-01>
L3 programming layer <2026-01-19>
(./tukediphc.cls
Document Class: tukediphc 2012/04/22 v2.0 TUKE thesis class
Class tukediphc Info: Technical University of Kosice (official)
(tukediphc)           Bachelor's/Master's thesis document class.
(/usr/local/texlive/2025basic/texmf-dist/tex/latex/base/inputenc.sty
Package: inputenc 2024/02/08 v1.3d Input encoding file
\inpenc@prehook=\toks17
\inpenc@posthook=\toks18
)
(/usr/local/texlive/2025basic/texmf-dist/tex/latex/base/fontenc.sty
Package: fontenc 2025/07/18 v2.1d Standard LaTeX package
)
\c@part=\count275
\c@section=\count276
\c@subsection=\count277
\c@subsubsection=\count278
\c@paragraph=\count279
\c@subparagraph=\count280
\c@figure=\count281
\c@table=\count282
\abovecaptionskip=\skip49
\belowcaptionskip=\skip50
\bibindent=\dimen148
)
(/usr/local/texlive/2025basic/texmf-dist/tex/latex/graphics/graphicx.sty
Package: graphicx 2024/12/31 v1.2e Enhanced LaTeX Graphics (DPC,SPQR)

(/usr/local/texlive/2025basic/texmf-dist/tex/latex/graphics/keyval.sty
Package: keyval 2022/05/29 v1.15 key=value parser (DPC)
\KV@toks@=\toks19
)
(/usr/local/texlive/2025basic/texmf-dist/tex/latex/graphics/graphics.sty
Package: graphics 2024/08/06 v1.4g Standard LaTeX Graphics (DPC,SPQR)

(/usr/local/texlive/2025basic/texmf-dist/tex/latex/graphics/trig.sty
Package: trig 2023/12/02 v1.11 sin cos tan (DPC)
)
(/usr/local/texlive/2025basic/texmf-dist/tex/latex/graphics-cfg/graphics.cfg
File: graphics.cfg 2016/06/04 v1.11 sample graphics configuration
)
Package graphics Info: Driver file: pdftex.def on input line 106.

(/usr/local/texlive/2025basic/texmf-dist/tex/latex/graphics-def/pdftex.def
File: pdftex.def 2025/09/29 v1.2d Graphics/color driver for pdftex
))
\Gin@req@height=\dimen149
\Gin@req@width=\dimen150
)
(/usr/local/texlive/2025basic/texmf-dist/tex/latex/lm/lmodern.sty
Package: lmodern 2015/05/01 v1.6.1 Latin Modern Fonts
LaTeX Font Info:    Overwriting symbol font `operators' in version `normal'
(Font)                  OT1/cmr/m/n --> OT1/lmr/m/n on input line 22.
LaTeX Font Info:    Overwriting symbol font `letters' in version `normal'
(Font)                  OML/cmm/m/it --> OML/lmm/m/it on input line 23.
LaTeX Font Info:    Overwriting symbol font `symbols' in version `normal'
(Font)                  OMS/cmsy/m/n --> OMS/lmsy/m/n on input line 24.
LaTeX Font Info:    Overwriting symbol font `largesymbols' in version `normal'
(Font)                  OMX/cmex/m/n --> OMX/lmex/m/n on input line 25.
LaTeX Font Info:    Overwriting symbol font `operators' in version `bold'
(Font)                  OT1/cmr/bx/n --> OT1/lmr/bx/n on input line 26.
LaTeX Font Info:    Overwriting symbol font `letters' in version `bold'
(Font)                  OML/cmm/b/it --> OML/lmm/b/it on input line 27.
LaTeX Font Info:    Overwriting symbol font `symbols' in version `bold'
(Font)                  OMS/cmsy/b/n --> OMS/lmsy/b/n on input line 28.
LaTeX Font Info:    Overwriting symbol font `largesymbols' in version `bold'
(Font)                  OMX/cmex/m/n --> OMX/lmex/m/n on input line 29.
LaTeX Font Info:    Overwriting math alphabet `\mathbf' in version `normal'
(Font)                  OT1/cmr/bx/n --> OT1/lmr/bx/n on input line 31.
LaTeX Font Info:    Overwriting math alphabet `\mathsf' in version `normal'
(Font)                  OT1/cmss/m/n --> OT1/lmss/m/n on input line 32.
LaTeX Font Info:    Overwriting math alphabet `\mathit' in version `normal'
(Font)                  OT1/cmr/m/it --> OT1/lmr/m/it on input line 33.
LaTeX Font Info:    Overwriting math alphabet `\mathtt' in version `normal'
(Font)                  OT1/cmtt/m/n --> OT1/lmtt/m/n on input line 34.
LaTeX Font Info:    Overwriting math alphabet `\mathbf' in version `bold'
(Font)                  OT1/cmr/bx/n --> OT1/lmr/bx/n on input line 35.
LaTeX Font Info:    Overwriting math alphabet `\mathsf' in version `bold'
(Font)                  OT1/cmss/bx/n --> OT1/lmss/bx/n on input line 36.
LaTeX Font Info:    Overwriting math alphabet `\mathit' in version `bold'
(Font)                  OT1/cmr/bx/it --> OT1/lmr/bx/it on input line 37.
LaTeX Font Info:    Overwriting math alphabet `\mathtt' in version `bold'
(Font)                  OT1/cmtt/m/n --> OT1/lmtt/m/n on input line 38.
)
(/usr/local/texlive/2025basic/texmf-dist/tex/latex/textcase/textcase.sty
Package: textcase 2025/02/16 v1.05 Text only upper/lower case changing (DPC)
Package textcase Info: Defining Legacy names on input line 20.
)
(/usr/local/texlive/2025basic/texmf-dist/tex/generic/babel/babel.sty
Package: babel 2026/01/26 v26.2 The multilingual framework for LuaLaTeX, pdfLaT
eX and XeLaTeX
\babel@savecnt=\count283
LaTeX Encoding Info:    Redeclaring text command \ij (encoding OT1) on input li
ne 2078.
LaTeX Encoding Info:    Redeclaring text command \IJ (encoding OT1) on input li
ne 2080.
LaTeX Encoding Info:    Redeclaring text command \ij (encoding T1) on input lin
e 2082.
LaTeX Encoding Info:    Redeclaring text command \IJ (encoding T1) on input lin
e 2083.
LaTeX Encoding Info:    Ignoring declaration for text command \ij (encoding ?) 
on input line 2084.
LaTeX Encoding Info:    Ignoring declaration for text command \IJ (encoding ?) 
on input line 2086.
LaTeX Encoding Info:    Ignoring declaration for text command \SS (encoding ?) 
on input line 2111.
\U@D=\dimen151
\l@unhyphenated=\language24

(/usr/local/texlive/2025basic/texmf-dist/tex/generic/babel/txtbabel.def)
\bbl@readstream=\read2
\bbl@dirlevel=\count284

(/usr/local/texlive/2025basic/texmf-dist/tex/generic/babel/locale/sk/babel-slov
ak.tex)
Package babel Info: Importing font and identification data for slovak
(babel)             from babel-sk.ini. Reported on input line 4330.

(/usr/local/texlive/2025basic/texmf-dist/tex/generic/babel-slovak/slovak.ldf
Language: slovak 2008/07/06 v3.1a Slovak support from the babel system
Package babel Info: Making ^ an active character on input line 123.
Package babel Info: Making " an active character on input line 126.
Package babel Info: Making ' an active character on input line 129.
\cs@wordlen=\count285
Package babel Info: Making - an active character on input line 294.
))
(/usr/local/texlive/2025basic/texmf-dist/tex/latex/base/latexsym.sty
Package: latexsym 1998/08/17 v2.2e Standard LaTeX package (lasy symbols)
\symlasy=\mathgroup4
LaTeX Font Info:    Overwriting symbol font `lasy' in version `bold'
(Font)                  U/lasy/m/n --> U/lasy/b/n on input line 52.
)
(/usr/local/texlive/2025basic/texmf-dist/tex/latex/tools/dcolumn.sty
Package: dcolumn 2025/10/21 v1.06 decimal alignment package (DPC)

(/usr/local/texlive/2025basic/texmf-dist/tex/latex/tools/array.sty
Package: array 2025/09/25 v2.6n Tabular extension package (FMi)
\col@sep=\dimen152
\ar@mcellbox=\box53
\extrarowheight=\dimen153
\NC@list=\toks20
\extratabsurround=\skip51
\backup@length=\skip52
\ar@cellbox=\box54
))
(/usr/local/texlive/2025basic/texmf-dist/tex/latex/tools/hhline.sty
Package: hhline 2020/01/04 v2.04 Table rule package (DPC)
)
(/usr/local/texlive/2025basic/texmf-dist/tex/latex/amsmath/amsmath.sty
Package: amsmath 2025/07/09 v2.17z AMS math features
\@mathmargin=\skip53

For additional information on amsmath, use the `?' option.
(/usr/local/texlive/2025basic/texmf-dist/tex/latex/amsmath/amstext.sty
Package: amstext 2024/11/17 v2.01 AMS text

(/usr/local/texlive/2025basic/texmf-dist/tex/latex/amsmath/amsgen.sty
File: amsgen.sty 1999/11/30 v2.0 generic functions
\@emptytoks=\toks21
\ex@=\dimen154
))
(/usr/local/texlive/2025basic/texmf-dist/tex/latex/amsmath/amsbsy.sty
Package: amsbsy 1999/11/29 v1.2d Bold Symbols
\pmbraise@=\dimen155
)
(/usr/local/texlive/2025basic/texmf-dist/tex/latex/amsmath/amsopn.sty
Package: amsopn 2022/04/08 v2.04 operator names
)
\inf@bad=\count286
LaTeX Info: Redefining \frac on input line 233.
\uproot@=\count287
\leftroot@=\count288
LaTeX Info: Redefining \overline on input line 398.
LaTeX Info: Redefining \colon on input line 409.
\classnum@=\count289
\DOTSCASE@=\count290
LaTeX Info: Redefining \ldots on input line 495.
LaTeX Info: Redefining \dots on input line 498.
LaTeX Info: Redefining \cdots on input line 619.
\Mathstrutbox@=\box55
\strutbox@=\box56
LaTeX Info: Redefining \big on input line 721.
LaTeX Info: Redefining \Big on input line 722.
LaTeX Info: Redefining \bigg on input line 723.
LaTeX Info: Redefining \Bigg on input line 724.
\big@size=\dimen156
LaTeX Font Info:    Redeclaring font encoding OML on input line 742.
LaTeX Font Info:    Redeclaring font encoding OMS on input line 743.
\macc@depth=\count291
LaTeX Info: Redefining \bmod on input line 904.
LaTeX Info: Redefining \pmod on input line 909.
LaTeX Info: Redefining \smash on input line 939.
LaTeX Info: Redefining \relbar on input line 969.
LaTeX Info: Redefining \Relbar on input line 970.
\c@MaxMatrixCols=\count292
\dotsspace@=\muskip17
\c@parentequation=\count293
\dspbrk@lvl=\count294
\tag@help=\toks22
\row@=\count295
\column@=\count296
\maxfields@=\count297
\andhelp@=\toks23
\eqnshift@=\dimen157
\alignsep@=\dimen158
\tagshift@=\dimen159
\tagwidth@=\dimen160
\totwidth@=\dimen161
\lineht@=\dimen162
\@envbody=\toks24
\multlinegap=\skip54
\multlinetaggap=\skip55
\mathdisplay@stack=\toks25
LaTeX Info: Redefining \[ on input line 2950.
LaTeX Info: Redefining \] on input line 2951.
)
(/usr/local/texlive/2025basic/texmf-dist/tex/latex/amsfonts/amsfonts.sty
Package: amsfonts 2013/01/14 v3.01 Basic AMSFonts support
\symAMSa=\mathgroup5
\symAMSb=\mathgroup6
LaTeX Font Info:    Redeclaring math symbol \hbar on input line 98.
LaTeX Font Info:    Overwriting math alphabet `\mathfrak' in version `bold'
(Font)                  U/euf/m/n --> U/euf/b/n on input line 106.
)
(/usr/local/texlive/2025basic/texmf-dist/tex/latex/amsfonts/amssymb.sty
Package: amssymb 2013/01/14 v3.01 AMS font symbols
)
(./nicefrac.sty
Package: nicefrac 1998/08/04 v0.9b Nice fractions
\L@UnitsRaiseDisplaystyle=\skip56
\L@UnitsRaiseTextstyle=\skip57
\L@UnitsRaiseScriptstyle=\skip58

(/usr/local/texlive/2025basic/texmf-dist/tex/latex/base/ifthen.sty
Package: ifthen 2024/03/16 v1.1e Standard LaTeX ifthen package (DPC)
))
(/usr/local/texlive/2025basic/texmf-dist/tex/latex/booktabs/booktabs.sty
Package: booktabs 2020/01/12 v1.61803398 Publication quality tables
\heavyrulewidth=\dimen163
\lightrulewidth=\dimen164
\cmidrulewidth=\dimen165
\belowrulesep=\dimen166
\belowbottomsep=\dimen167
\aboverulesep=\dimen168
\abovetopsep=\dimen169
\cmidrulesep=\dimen170
\cmidrulekern=\dimen171
\defaultaddspace=\dimen172
\@cmidla=\count298
\@cmidlb=\count299
\@aboverulesep=\dimen173
\@belowrulesep=\dimen174
\@thisruleclass=\count300
\@lastruleclass=\count301
\@thisrulewidth=\dimen175
)
(/usr/local/texlive/2025basic/texmf-dist/tex/latex/tools/tabularx.sty
Package: tabularx 2023/12/11 v2.12a `tabularx' package (DPC)
\TX@col@width=\dimen176
\TX@old@table=\dimen177
\TX@old@col=\dimen178
\TX@target=\dimen179
\TX@delta=\dimen180
\TX@cols=\count302
\TX@ftn=\toks26
)
(/usr/local/texlive/2025basic/texmf-dist/tex/latex/tools/longtable.sty
Package: longtable 2025-10-13 v4.24 Multi-page Table package (DPC)
\LTleft=\skip59
\LTright=\skip60
\LTpre=\skip61
\LTpost=\skip62
\LTchunksize=\count303
\LTcapwidth=\dimen181
\LT@head=\box57
\LT@firsthead=\box58
\LT@foot=\box59
\LT@lastfoot=\box60
\LT@gbox=\box61
\LT@cols=\count304
\LT@rows=\count305
\c@LT@tables=\count306
\c@LT@chunks=\count307
\LT@p@ftn=\toks27
)
(/usr/local/texlive/2025basic/texmf-dist/tex/latex/pdflscape/pdflscape.sty
Package: pdflscape 2025-06-23 v0.14 Display of landscape pages in PDF

(/usr/local/texlive/2025basic/texmf-dist/tex/latex/pdflscape/pdflscape-nometada
ta.sty
Package: pdflscape-nometadata 2025-06-23 v0.14 Display of landscape pages in PD
F (HO)
 (/usr/local/texlive/2025basic/texmf-dist/tex/generic/iftex/iftex.sty
Package: iftex 2024/12/12 v1.0g TeX engine tests
)
(/usr/local/texlive/2025basic/texmf-dist/tex/latex/graphics/lscape.sty
Package: lscape 2020/05/28 v3.02 Landscape Pages (DPC)
)
Package pdflscape Info: Auto-detected driver: pdftex on input line 81.
))
(/usr/local/texlive/2025basic/texmf-dist/tex/latex/float/float.sty
Package: float 2001/11/08 v1.3d Float enhancements (AL)
\c@float@type=\count308
\float@exts=\toks28
\float@box=\box62
\@float@everytoks=\toks29
\@floatcapt=\box63
)
(./plantuml.sty
Package: plantuml 2026/03/31 PlantUML integration (local override)

(/usr/local/texlive/2025basic/texmf-dist/tex/latex/fancyvrb/fancyvrb.sty
Package: fancyvrb 2025/07/28 4.6 verbatim text (tvz,hv)
\FV@CodeLineNo=\count309
\FV@InFile=\read3
\FV@TabBox=\box64
\c@FancyVerbLine=\count310
\FV@StepNumber=\count311
\FV@OutFile=\write3
)
\c@plantumlcount=\count312
)
(/usr/local/texlive/2025basic/texmf-dist/tex/latex/tools/showkeys.sty
Package: showkeys 2024/05/23 v3.21 Show cite and label keys (DPC, MH)
)
(./nomencl.sty
Package: nomencl 2000/12/03 v3.1a Nomenclature package (BS)
\nomlabelwidth=\dimen182
\nom@tempdim=\dimen183
\nomitemsep=\skip63
)
\@glossaryfile=\write4
\openout4 = `tukedip.glo'.


Writing glossary file tukedip.glo
(./natbib.sty
Package: natbib 1999/05/28 7.0 (PWD)
\bibhang=\skip64
\bibsep=\skip65
LaTeX Info: Redefining \cite on input line 508.
\c@NAT@ctr=\count313
)
(/usr/local/texlive/2025basic/texmf-dist/tex/latex/hyperref/hyperref.sty
Package: hyperref 2026-01-29 v7.01p Hypertext links for LaTeX

(/usr/local/texlive/2025basic/texmf-dist/tex/latex/kvsetkeys/kvsetkeys.sty
Package: kvsetkeys 2022-10-05 v1.19 Key value parser (HO)
)
(/usr/local/texlive/2025basic/texmf-dist/tex/generic/kvdefinekeys/kvdefinekeys.
sty
Package: kvdefinekeys 2019-12-19 v1.6 Define keys (HO)
)
(/usr/local/texlive/2025basic/texmf-dist/tex/generic/pdfescape/pdfescape.sty
Package: pdfescape 2019/12/09 v1.15 Implements pdfTeX's escape features (HO)

(/usr/local/texlive/2025basic/texmf-dist/tex/generic/ltxcmds/ltxcmds.sty
Package: ltxcmds 2023-12-04 v1.26 LaTeX kernel commands for general use (HO)
)
(/usr/local/texlive/2025basic/texmf-dist/tex/generic/pdftexcmds/pdftexcmds.sty
Package: pdftexcmds 2020-06-27 v0.33 Utility functions of pdfTeX for LuaTeX (HO
)

(/usr/local/texlive/2025basic/texmf-dist/tex/generic/infwarerr/infwarerr.sty
Package: infwarerr 2019/12/03 v1.5 Providing info/warning/error messages (HO)
)
Package pdftexcmds Info: \pdf@primitive is available.
Package pdftexcmds Info: \pdf@ifprimitive is available.
Package pdftexcmds Info: \pdfdraftmode found.
)) (/usr/local/texlive/2025basic/texmf-dist/tex/latex/hycolor/hycolor.sty
Package: hycolor 2020-01-27 v1.10 Color options for hyperref/bookmark (HO)
)
(/usr/local/texlive/2025basic/texmf-dist/tex/latex/hyperref/nameref.sty
Package: nameref 2026-01-29 v2.58 Cross-referencing by name of section

(/usr/local/texlive/2025basic/texmf-dist/tex/latex/refcount/refcount.sty
Package: refcount 2019/12/15 v3.6 Data extraction from label references (HO)
)
(/usr/local/texlive/2025basic/texmf-dist/tex/generic/gettitlestring/gettitlestr
ing.sty
Package: gettitlestring 2019/12/15 v1.6 Cleanup title references (HO)

(/usr/local/texlive/2025basic/texmf-dist/tex/latex/kvoptions/kvoptions.sty
Package: kvoptions 2022-06-15 v3.15 Key value format for package options (HO)
))
\c@section@level=\count314
)
(/usr/local/texlive/2025basic/texmf-dist/tex/latex/etoolbox/etoolbox.sty
Package: etoolbox 2025/10/02 v2.5m e-TeX tools for LaTeX (JAW)
\etb@tempcnta=\count315
)
(/usr/local/texlive/2025basic/texmf-dist/tex/generic/stringenc/stringenc.sty
Package: stringenc 2019/11/29 v1.12 Convert strings between diff. encodings (HO
)
)
\@linkdim=\dimen184
\Hy@linkcounter=\count316
\Hy@pagecounter=\count317

(/usr/local/texlive/2025basic/texmf-dist/tex/latex/hyperref/pd1enc.def
File: pd1enc.def 2026-01-29 v7.01p Hyperref: PDFDocEncoding definition (HO)
Now handling font encoding PD1 ...
... no UTF-8 mapping file for font encoding PD1
)
(/usr/local/texlive/2025basic/texmf-dist/tex/generic/intcalc/intcalc.sty
Package: intcalc 2019/12/15 v1.3 Expandable calculations with integers (HO)
)
\Hy@SavedSpaceFactor=\count318

(/usr/local/texlive/2025basic/texmf-dist/tex/latex/hyperref/puenc.def
File: puenc.def 2026-01-29 v7.01p Hyperref: PDF Unicode definition (HO)
Now handling font encoding PU ...
... no UTF-8 mapping file for font encoding PU
)
Package hyperref Info: Option `unicode' set `true' on input line 4072.
Package hyperref Info: Option `bookmarksnumbered' set `true' on input line 4072
.
Package hyperref Info: Option `bookmarksopen' set `true' on input line 4072.
Package hyperref Info: Option `pdfmenubar' set `true' on input line 4072.
Package hyperref Info: Option `linktocpage' set `true' on input line 4072.
Package hyperref Info: Option `pageanchor' set `true' on input line 4072.
Package hyperref Info: Hyper figures OFF on input line 4201.
Package hyperref Info: Link nesting OFF on input line 4206.
Package hyperref Info: Hyper index ON on input line 4209.
Package hyperref Info: Plain pages OFF on input line 4216.
Package hyperref Info: Backreferencing OFF on input line 4221.
Package hyperref Info: Implicit mode ON; LaTeX internals redefined.
Package hyperref Info: Bookmarks ON on input line 4468.
\c@Hy@tempcnt=\count319

(/usr/local/texlive/2025basic/texmf-dist/tex/latex/url/url.sty
\Urlmuskip=\muskip18
Package: url 2013/09/16  ver 3.4  Verb mode for urls, etc.
)
LaTeX Info: Redefining \url on input line 4807.
\XeTeXLinkMargin=\dimen185

(/usr/local/texlive/2025basic/texmf-dist/tex/generic/bitset/bitset.sty
Package: bitset 2019/12/09 v1.3 Handle bit-vector datatype (HO)

(/usr/local/texlive/2025basic/texmf-dist/tex/generic/bigintcalc/bigintcalc.sty
Package: bigintcalc 2019/12/15 v1.5 Expandable calculations on big integers (HO
)
))
\Fld@menulength=\count320
\Field@Width=\dimen186
\Fld@charsize=\dimen187
Package hyperref Info: Hyper figures OFF on input line 6084.
Package hyperref Info: Link nesting OFF on input line 6089.
Package hyperref Info: Hyper index ON on input line 6092.
Package hyperref Info: backreferencing OFF on input line 6099.
Package hyperref Info: Link coloring OFF on input line 6104.
Package hyperref Info: Link coloring with OCG OFF on input line 6109.
Package hyperref Info: PDF/A mode OFF on input line 6114.
\Hy@abspage=\count321
\c@Item=\count322
\c@Hfootnote=\count323
)
Package hyperref Info: Driver: hpdftex.
 (/usr/local/texlive/2025basic/texmf-dist/tex/latex/hyperref/hpdftex.def
File: hpdftex.def 2026-01-29 v7.01p Hyperref driver for pdfTeX
\Fld@listcount=\count324
\c@bookmark@seq@number=\count325

(/usr/local/texlive/2025basic/texmf-dist/tex/latex/rerunfilecheck/rerunfilechec
k.sty
Package: rerunfilecheck 2025-06-21 v1.11 Rerun checks for auxiliary files (HO)

(/usr/local/texlive/2025basic/texmf-dist/tex/generic/uniquecounter/uniquecounte
r.sty
Package: uniquecounter 2019/12/15 v1.4 Provide unlimited unique counter (HO)
)
Package uniquecounter Info: New unique counter `rerunfilecheck' on input line 2
84.
)
\Hy@SectionHShift=\skip66
)
LaTeX Font Info:    Trying to load font information for T1+lmr on input line 14
0.
 (/usr/local/texlive/2025basic/texmf-dist/tex/latex/lm/t1lmr.fd
File: t1lmr.fd 2015/05/01 v1.6.1 Font defs for Latin Modern
)
(/usr/local/texlive/2025basic/texmf-dist/tex/latex/l3backend/l3backend-pdftex.d
ef
File: l3backend-pdftex.def 2025-10-09 L3 backend support: PDF output (pdfTeX)
\l__color_backend_stack_int=\count326
) (./tukedip.aux
Package babel Info: 'slovak' activates 'slovak' shorthands.
(babel)             Reported on input line 12.
 (./formulacia.aux) (./analyza.aux))
\openout1 = `tukedip.aux'.

LaTeX Font Info:    Checking defaults for OML/cmm/m/it on input line 140.
LaTeX Font Info:    ... okay on input line 140.
LaTeX Font Info:    Checking defaults for OMS/cmsy/m/n on input line 140.
LaTeX Font Info:    ... okay on input line 140.
LaTeX Font Info:    Checking defaults for OT1/cmr/m/n on input line 140.
LaTeX Font Info:    ... okay on input line 140.
LaTeX Font Info:    Checking defaults for T1/cmr/m/n on input line 140.
LaTeX Font Info:    ... okay on input line 140.
LaTeX Font Info:    Checking defaults for TS1/cmr/m/n on input line 140.
LaTeX Font Info:    ... okay on input line 140.
LaTeX Font Info:    Checking defaults for OMX/cmex/m/n on input line 140.
LaTeX Font Info:    ... okay on input line 140.
LaTeX Font Info:    Checking defaults for U/cmr/m/n on input line 140.
LaTeX Font Info:    ... okay on input line 140.
LaTeX Font Info:    Checking defaults for PD1/pdf/m/n on input line 140.
LaTeX Font Info:    ... okay on input line 140.
LaTeX Font Info:    Checking defaults for PU/pdf/m/n on input line 140.
LaTeX Font Info:    ... okay on input line 140.

(/usr/local/texlive/2025basic/texmf-dist/tex/context/base/mkii/supp-pdf.mkii
[Loading MPS to PDF converter (version 2006.09.02).]
\scratchcounter=\count327
\scratchdimen=\dimen188
\scratchbox=\box65
\nofMPsegments=\count328
\nofMParguments=\count329
\everyMPshowfont=\toks30
\MPscratchCnt=\count330
\MPscratchDim=\dimen189
\MPnumerator=\count331
\makeMPintoPDFobject=\count332
\everyMPtoPDFconversion=\toks31
)
(/usr/local/texlive/2025basic/texmf-dist/tex/latex/epstopdf-pkg/epstopdf-base.s
ty
Package: epstopdf-base 2020-01-24 v2.11 Base part for package epstopdf
Package epstopdf-base Info: Redefining graphics rule for `.eps' on input line 4
85.

(/usr/local/texlive/2025basic/texmf-dist/tex/latex/latexconfig/epstopdf-sys.cfg
File: epstopdf-sys.cfg 2010/07/13 v1.3 Configuration of (r)epstopdf for TeX Liv
e
))
Package hyperref Info: Link coloring OFF on input line 140.
 (./tukedip.out) (./tukedip.out)
\@outlinefile=\write5
\openout5 = `tukedip.out'.



LaTeX Warning: No \bakpraca given.

[1

{/usr/local/texlive/2025basic/texmf-var/fonts/map/pdftex/updmap/pdftex.map}{/us
r/local/texlive/2025basic/texmf-dist/fonts/enc/dvips/lm/lm-ec.enc}]
(./tukedip.toc
LaTeX Font Info:    Trying to load font information for OT1+lmr on input line 4
.
 (/usr/local/texlive/2025basic/texmf-dist/tex/latex/lm/ot1lmr.fd
File: ot1lmr.fd 2015/05/01 v1.6.1 Font defs for Latin Modern
)
LaTeX Font Info:    Trying to load font information for OML+lmm on input line 4
.
(/usr/local/texlive/2025basic/texmf-dist/tex/latex/lm/omllmm.fd
File: omllmm.fd 2015/05/01 v1.6.1 Font defs for Latin Modern
)
LaTeX Font Info:    Trying to load font information for OMS+lmsy on input line 
4.

(/usr/local/texlive/2025basic/texmf-dist/tex/latex/lm/omslmsy.fd
File: omslmsy.fd 2015/05/01 v1.6.1 Font defs for Latin Modern
)
LaTeX Font Info:    Trying to load font information for OMX+lmex on input line 
4.

(/usr/local/texlive/2025basic/texmf-dist/tex/latex/lm/omxlmex.fd
File: omxlmex.fd 2015/05/01 v1.6.1 Font defs for Latin Modern
)
LaTeX Font Info:    External font `lmex10' loaded for size
(Font)              <12> on input line 4.
LaTeX Font Info:    External font `lmex10' loaded for size
(Font)              <8> on input line 4.
LaTeX Font Info:    External font `lmex10' loaded for size
(Font)              <6> on input line 4.
LaTeX Font Info:    Trying to load font information for U+lasy on input line 4.


(/usr/local/texlive/2025basic/texmf-dist/tex/latex/base/ulasy.fd
File: ulasy.fd 1998/08/17 v2.2e LaTeX symbol font definitions
)
LaTeX Font Info:    Trying to load font information for U+msa on input line 4.

(/usr/local/texlive/2025basic/texmf-dist/tex/latex/amsfonts/umsa.fd
File: umsa.fd 2013/01/14 v3.01 AMS symbols A
)
LaTeX Font Info:    Trying to load font information for U+msb on input line 4.

(/usr/local/texlive/2025basic/texmf-dist/tex/latex/amsfonts/umsb.fd
File: umsb.fd 2013/01/14 v3.01 AMS symbols B
)
LaTeX Font Info:    Trying to load font information for T1+lmtt on input line 1
1.

(/usr/local/texlive/2025basic/texmf-dist/tex/latex/lm/t1lmtt.fd
File: t1lmtt.fd 2015/05/01 v1.6.1 Font defs for Latin Modern
) [2])
\tf@toc=\write6
\openout6 = `tukedip.toc'.

LaTeX Font Info:    Trying to load font information for T1+lmss on input line 2
20.

(/usr/local/texlive/2025basic/texmf-dist/tex/latex/lm/t1lmss.fd
File: t1lmss.fd 2015/05/01 v1.6.1 Font defs for Latin Modern
) [3]
(./tukedip.lot)
\tf@lot=\write7
\openout7 = `tukedip.lot'.

 [4]
No file tukedip.gls.
\openout2 = `formulacia.aux'.

(./formulacia.tex) [5

]
\openout2 = `analyza.aux'.

 (./analyza.tex
Overfull \hbox (14.61858pt too wide) in alignment at lines 38--43
 [] [] [] [] 
 []


Overfull \hbox (14.61858pt too wide) in alignment at lines 43--47
 [] [] [] [] 
 []


Underfull \hbox (badness 1009) in paragraph at lines 55--56
\T1/lmr/m/n/10 za-ria-de-nia, aby bol môj prí-chod
 []


Underfull \hbox (badness 2393) in paragraph at lines 57--59
[]|\T1/lmr/m/n/10 Systém roz-pozná QR kód, urŁí
 []


Underfull \hbox (badness 10000) in paragraph at lines 57--59
\T1/lmr/m/n/10 správny typ zá-znamu (prí-
 []


Underfull \hbox (badness 7814) in paragraph at lines 61--62
\T1/lmr/m/n/10 zna-me-naní prí-chodu alebo od-
 []


Underfull \hbox (badness 3302) in paragraph at lines 75--77
[]|\T1/lmr/m/n/10 Administrátorský úŁet umoş-¬uje
 []


Underfull \hbox (badness 3449) in paragraph at lines 86--87
[]|\T1/lmr/m/n/10 Ako ad-mi-nis-trá-tor chcem upra-
 []


Underfull \hbox (badness 1275) in paragraph at lines 86--87
\T1/lmr/m/n/10 vo-va´ alebo ma-za´ zá-znamy do-
 []


Underfull \hbox (badness 1048) in paragraph at lines 100--102
[]|\T1/lmr/m/n/10 Vygenerovaný QR kód je jed-no-
 []


Underfull \hbox (badness 5592) in paragraph at lines 106--108
\T1/lmr/m/n/10 ak-ti-vo-vaný za-mest-na-nec ne-môşe
 []


Overfull \hbox (14.61858pt too wide) in alignment at lines 47--109
 [] [] [] [] 
 []

ignored error: Infinite glue shrinkage found in box being split [6



]
ignored error: Infinite glue shrinkage found in box being split [7]
Overfull \hbox (17.46404pt too wide) in alignment at lines 121--126
 [] [] [] [] 
 []


Overfull \hbox (17.46404pt too wide) in alignment at lines 126--130
 [] [] [] [] 
 []


Underfull \hbox (badness 5460) in paragraph at lines 131--131
[]|\T1/lmr/m/n/10 Prihlásenie za-mest-
 []


Underfull \hbox (badness 1642) in paragraph at lines 133--134
\T1/lmr/m/n/10 platný úŁet. Výs: pri-hlá-
 []


Underfull \hbox (badness 10000) in paragraph at lines 133--134
\T1/lmr/m/n/10 sený, pre-sme-ro-vaný na
 []


Underfull \hbox (badness 10000) in paragraph at lines 138--139
[]|\T1/lmr/m/n/10 Aktér: Za-mest-na-nec.
 []


Underfull \hbox (badness 1762) in paragraph at lines 138--139
\T1/lmr/m/n/10 Pred: pri-hlá-sený, funkŁná
 []


Underfull \hbox (badness 10000) in paragraph at lines 138--139
\T1/lmr/m/n/10 chod/odchod s Ła-so-vou
 []


Underfull \hbox (badness 10000) in paragraph at lines 142--143
\T1/lmr/m/n/10 úspe˛ný sken (UC-02).
 []


Underfull \hbox (badness 3930) in paragraph at lines 142--143
\T1/lmr/m/n/10 Výs: vi-zu-álne po-tvr-de-nie
 []


Underfull \hbox (badness 10000) in paragraph at lines 146--147
[]|\T1/lmr/m/n/10 Aktér: Za-mest-na-
 []


Underfull \hbox (badness 10000) in paragraph at lines 146--147
\T1/lmr/m/n/10 nec/Administrátor. Pred:
 []


Underfull \hbox (badness 10000) in paragraph at lines 146--147
\T1/lmr/m/n/10 pri-hlá-sený. Výs: re-lá-cia
 []


Underfull \hbox (badness 10000) in paragraph at lines 151--152
[]|\T1/lmr/m/n/10 Aktér: Ad-mi-nis-trá-tor.
 []


Underfull \hbox (badness 10000) in paragraph at lines 154--155
[]|\T1/lmr/m/n/10 Administrátor pre-zerá ta-bu©ku do-
 []


Underfull \hbox (badness 10000) in paragraph at lines 156--157
[]|\T1/lmr/m/n/10 Aktér: Ad-mi-nis-trá-tor.
 []


Underfull \hbox (badness 6316) in paragraph at lines 156--157
\T1/lmr/m/n/10 Výs: zo-bra-zené zá-znamy
 []


Underfull \hbox (badness 3417) in paragraph at lines 159--160
[]|\T1/lmr/m/n/10 Administrátor vy-be-rie kon-krétny zá-
 []


Underfull \hbox (badness 10000) in paragraph at lines 161--162
[]|\T1/lmr/m/n/10 Aktér: Ad-mi-nis-trá-tor.
 []


Underfull \hbox (badness 2744) in paragraph at lines 161--162
\T1/lmr/m/n/10 Pred: pri-hlá-sený, zá-znam
 []


Underfull \hbox (badness 10000) in paragraph at lines 165--166
[]|\T1/lmr/m/n/10 Aktér: Ad-mi-nis-trá-tor.
 []


Underfull \hbox (badness 2744) in paragraph at lines 165--166
\T1/lmr/m/n/10 Pred: pri-hlá-sený, zá-znam
 []


Underfull \hbox (badness 10000) in paragraph at lines 165--166
\T1/lmr/m/n/10 exis-tuje. Výs: zá-znam
 []


Underfull \hbox (badness 10000) in paragraph at lines 170--171
[]|\T1/lmr/m/n/10 Aktér: Ad-mi-nis-trá-tor.
 []


Underfull \hbox (badness 1565) in paragraph at lines 170--171
\T1/lmr/m/n/10 Pred: pri-hlá-sený, exis-tujú
 []


Underfull \hbox (badness 10000) in paragraph at lines 170--171
\T1/lmr/m/n/10 zá-znamy. Výs: XLSX
 []


Underfull \hbox (badness 10000) in paragraph at lines 172--172
[]|\T1/lmr/m/n/10 Generovanie QR
 []


Underfull \hbox (badness 10000) in paragraph at lines 173--174
[]|\T1/lmr/m/n/10 Administrátor vy-be-rie za-mest-nanca
 []


Underfull \hbox (badness 10000) in paragraph at lines 173--174
\T1/lmr/m/n/10 a ne-chá sys-tém vy-ge-ne-ro-va´ jeho
 []


Underfull \hbox (badness 2229) in paragraph at lines 173--174
\T1/lmr/m/n/10 uni-kátny QR kód po-mo-cou kniş-nice
 []


Underfull \hbox (badness 10000) in paragraph at lines 175--176
[]|\T1/lmr/m/n/10 Aktér: Ad-mi-nis-trá-tor.
 []


Underfull \hbox (badness 2277) in paragraph at lines 175--176
\T1/lmr/m/n/10 Pred: pri-hlá-sený, za-mest-
 []


Underfull \hbox (badness 10000) in paragraph at lines 175--176
\T1/lmr/m/n/10 na-nec evi-do-vaný. Výs:
 []


Underfull \hbox (badness 2495) in paragraph at lines 175--176
\T1/lmr/m/n/10 QR kód vy-ge-ne-ro-vaný a
 []


Underfull \hbox (badness 10000) in paragraph at lines 177--177
[]|\T1/lmr/m/n/10 Správa za-mest-nan-
 []


Underfull \hbox (badness 10000) in paragraph at lines 180--181
[]|\T1/lmr/m/n/10 Aktér: Ad-mi-nis-trá-tor.
 []


Underfull \hbox (badness 10000) in paragraph at lines 180--181
\T1/lmr/m/n/10 Pred: pri-hlá-sený. Výs:
 []


Underfull \hbox (badness 2512) in paragraph at lines 180--181
\T1/lmr/m/n/10 zmeny ulo-şené; de-ak-ti-vo-
 []


Overfull \hbox (17.46404pt too wide) in alignment at lines 130--182
 [] [] [] [] 
 []

ignored error: Infinite glue shrinkage found in box being split [8]
ignored error: Infinite glue shrinkage found in box being split [9]
Underfull \hbox (badness 8019) in paragraph at lines 207--207
[]|\T1/lmr/m/n/10 Skenovanie QR kódu a au-to-ma-tické ulo-şe-nie prí-
 []

ignored error: Infinite glue shrinkage found in box being split [10]
\openout3 = `plantuml-fig-1.puml'.

runsystem(/opt/homebrew/opt/openjdk/bin/java -jar /Users/martinoros/bin/plantum
l.jar -graphvizdot /opt/homebrew/bin/dot -png plantuml-fig-1.puml)...disabled (
restricted).

<plantuml-fig-1.png, id=198, 421.575pt x 959.585pt>
File: plantuml-fig-1.png Graphic file (type png)
<use plantuml-fig-1.png>
Package pdftex.def Info: plantuml-fig-1.png  used on input line 295.
(pdftex.def)             Requested size: 206.2519pt x 469.46866pt.
\openout3 = `plantuml-fig-2.puml'.

runsystem(/opt/homebrew/opt/openjdk/bin/java -jar /Users/martinoros/bin/plantum
l.jar -graphvizdot /opt/homebrew/bin/dot -png plantuml-fig-2.puml)...disabled (
restricted).

<plantuml-fig-2.png, id=200, 800.9925pt x 502.87875pt>
File: plantuml-fig-2.png Graphic file (type png)
<use plantuml-fig-2.png>
Package pdftex.def Info: plantuml-fig-2.png  used on input line 376.
(pdftex.def)             Requested size: 362.77773pt x 227.75894pt.

Overfull \hbox (2.83766pt too wide) in alignment at lines 387--392
 [] [] [] 
 []


Overfull \hbox (2.83766pt too wide) in alignment at lines 392--396
 [] [] [] 
 []


Underfull \hbox (badness 10000) in paragraph at lines 399--400
[]|\T1/lmr/m/n/10 Má \T1/lmtt/m/n/10 Session\T1/lmr/m/n/10 ; môşe re-pre-zen-to
-va´
 []


Underfull \hbox (badness 10000) in paragraph at lines 399--400
\T1/lmtt/m/n/10 Employee\T1/lmr/m/n/10 . Ad-mi-nis-trá-tor spra-vuje
 []


Underfull \hbox (badness 4954) in paragraph at lines 402--402
[]|\T1/lmr/m/n/10 Entita za-mest-nanca, ktorá
 []


Underfull \hbox (badness 6173) in paragraph at lines 414--414
[]|\T1/lmr/m/n/10 Relácia po-u-şí-va-te©a po-u-şí-
 []


Overfull \hbox (2.83766pt too wide) in alignment at lines 396--417
 [] [] [] 
 []

[11]
ignored error: Infinite glue shrinkage found in box being split [12 <./plantuml
-fig-1.png (PNG copy)>]
LaTeX Font Info:    Font shape `T1/lmtt/bx/n' in size <14.4> not available
(Font)              Font shape `T1/lmtt/b/n' tried instead on input line 427.
\openout3 = `plantuml-fig-3.puml'.

runsystem(/opt/homebrew/opt/openjdk/bin/java -jar /Users/martinoros/bin/plantum
l.jar -graphvizdot /opt/homebrew/bin/dot -png plantuml-fig-3.puml)...disabled (
restricted).

<plantuml-fig-3.png, id=214, 226.8475pt x 496.85625pt>
File: plantuml-fig-3.png Graphic file (type png)
<use plantuml-fig-3.png>
Package pdftex.def Info: plantuml-fig-3.png  used on input line 447.
(pdftex.def)             Requested size: 128.60521pt x 281.67955pt.
 [13]
Overfull \hbox (6.7847pt too wide) in paragraph at lines 452--452
[]\T1/lmr/bx/n/14.4 Stavový dia-gram zá-znamu do-chádzky (\T1/lmtt/b/n/14.4 Att
endanceRecord\T1/lmr/bx/n/14.4 ) 
 []

\openout3 = `plantuml-fig-4.puml'.

runsystem(/opt/homebrew/opt/openjdk/bin/java -jar /Users/martinoros/bin/plantum
l.jar -graphvizdot /opt/homebrew/bin/dot -png plantuml-fig-4.puml)...disabled (
restricted).

<plantuml-fig-4.png, id=220, 310.15875pt x 496.85625pt>
File: plantuml-fig-4.png Graphic file (type png)
<use plantuml-fig-4.png>
Package pdftex.def Info: plantuml-fig-4.png  used on input line 471.
(pdftex.def)             Requested size: 175.83632pt x 281.67955pt.
[14 <./plantuml-fig-2.png (PNG copy)> <./plantuml-fig-3.png (PNG copy)>]
\openout3 = `plantuml-fig-5.puml'.

runsystem(/opt/homebrew/opt/openjdk/bin/java -jar /Users/martinoros/bin/plantum
l.jar -graphvizdot /opt/homebrew/bin/dot -png plantuml-fig-5.puml)...disabled (
restricted).

<plantuml-fig-5.png, id=227, 174.6525pt x 286.06876pt>
File: plantuml-fig-5.png Graphic file (type png)
<use plantuml-fig-5.png>
Package pdftex.def Info: plantuml-fig-5.png  used on input line 493.
(pdftex.def)             Requested size: 122.29588pt x 200.31224pt.

[15 <./plantuml-fig-4.png (PNG copy)>]
\openout3 = `plantuml-fig-6.puml'.

runsystem(/opt/homebrew/opt/openjdk/bin/java -jar /Users/martinoros/bin/plantum
l.jar -graphvizdot /opt/homebrew/bin/dot -png plantuml-fig-6.puml)...disabled (
restricted).

<plantuml-fig-6.png, id=233, 803.0pt x 715.67375pt>
File: plantuml-fig-6.png Graphic file (type png)
<use plantuml-fig-6.png>
Package pdftex.def Info: plantuml-fig-6.png  used on input line 543.
(pdftex.def)             Requested size: 341.4359pt x 304.30473pt.
 [16 <./plantuml-fig-5.png (PNG copy)>]
\openout3 = `plantuml-fig-7.puml'.

runsystem(/opt/homebrew/opt/openjdk/bin/java -jar /Users/martinoros/bin/plantum
l.jar -graphvizdot /opt/homebrew/bin/dot -png plantuml-fig-7.puml)...disabled (
restricted).

<plantuml-fig-7.png, id=239, 483.8075pt x 715.67375pt>
File: plantuml-fig-7.png Graphic file (type png)
<use plantuml-fig-7.png>
Package pdftex.def Info: plantuml-fig-7.png  used on input line 574.
(pdftex.def)             Requested size: 296.21472pt x 438.17654pt.

[17 <./plantuml-fig-6.png (PNG copy)>]
\openout3 = `plantuml-fig-8.puml'.

runsystem(/opt/homebrew/opt/openjdk/bin/java -jar /Users/martinoros/bin/plantum
l.jar -graphvizdot /opt/homebrew/bin/dot -png plantuml-fig-8.puml)...disabled (
restricted).

<plantuml-fig-8.png, id=245, 265.99374pt x 917.4275pt>
File: plantuml-fig-8.png Graphic file (type png)
<use plantuml-fig-8.png>
Package pdftex.def Info: plantuml-fig-8.png  used on input line 606.
(pdftex.def)             Requested size: 136.1177pt x 469.4777pt.
 [18 <./plantuml-fig-7.png (PNG copy)>]
[19 <./plantuml-fig-8.png (PNG copy)>]
<figures/user-lofin.png, id=257, 1445.4pt x 1027.84pt>
File: figures/user-lofin.png Graphic file (type png)
<use figures/user-lofin.png>
Package pdftex.def Info: figures/user-lofin.png  used on input line 626.
(pdftex.def)             Requested size: 392.64725pt x 279.21432pt.
<figures/user-profile-history-scan.png, id=259, 1445.4pt x 1027.84pt>
File: figures/user-profile-history-scan.png Graphic file (type png)
<use figures/user-profile-history-scan.png>
Package pdftex.def Info: figures/user-profile-history-scan.png  used on input l
ine 632.
(pdftex.def)             Requested size: 392.64725pt x 279.21432pt.
 [20 <./figures/user-lofin.png>]
<figures/admin-login.png, id=266, 1445.4pt x 1027.84pt>
File: figures/admin-login.png Graphic file (type png)
<use figures/admin-login.png>
Package pdftex.def Info: figures/admin-login.png  used on input line 643.
(pdftex.def)             Requested size: 392.64725pt x 279.21432pt.
 [21 <./figures/user-profile-history-scan.png>]
<figures/admin-dasboard.png, id=273, 1445.4pt x 1027.84pt>
File: figures/admin-dasboard.png Graphic file (type png)
<use figures/admin-dasboard.png>
Package pdftex.def Info: figures/admin-dasboard.png  used on input line 649.
(pdftex.def)             Requested size: 392.64725pt x 279.21432pt.
 [22 <./figures/admin-login.png>]
<figures/admin-qr-generator.png, id=280, 1445.4pt x 1027.84pt>
File: figures/admin-qr-generator.png Graphic file (type png)
<use figures/admin-qr-generator.png>
Package pdftex.def Info: figures/admin-qr-generator.png  used on input line 655
.
(pdftex.def)             Requested size: 392.64725pt x 279.21432pt.

[23 <./figures/admin-dasboard.png>]
LaTeX Font Info:    Trying to load font information for TS1+lmr on input line 6
73.

(/usr/local/texlive/2025basic/texmf-dist/tex/latex/lm/ts1lmr.fd
File: ts1lmr.fd 2015/05/01 v1.6.1 Font defs for Latin Modern
) [24{/usr/local/texlive/2025basic/texmf-dist/fonts/enc/dvips/lm/lm-ts1.enc} <.
/figures/admin-qr-generator.png>]
Underfull \hbox (badness 6792) in paragraph at lines 702--702
[]|\T1/lmr/m/n/10 Platné pri-hlá-se-nie
 []


Underfull \hbox (badness 10000) in paragraph at lines 704--705
[]|\T1/lmr/m/n/10 Presmerovanie na hlavnú
 []


Underfull \hbox (badness 7133) in paragraph at lines 704--705
\T1/lmr/m/n/10 stránku; ses-sion je ak-tívna
 []


Underfull \hbox (badness 3690) in paragraph at lines 706--706
[]|\T1/lmr/m/n/10 Neplatné pri-hlá-se-
 []


Underfull \hbox (badness 10000) in paragraph at lines 707--707
[]|\T1/lmr/m/n/10 Zadaj ne-exis-tu-júce
 []


Underfull \hbox (badness 10000) in paragraph at lines 708--709
[]|\T1/lmr/m/n/10 Chybová správa; po-u-şí-va-te©
 []


Underfull \hbox (badness 6032) in paragraph at lines 710--710
\T1/lmr/m/n/10 QR a zá-pis do-
 []


Underfull \hbox (badness 4940) in paragraph at lines 711--711
\T1/lmr/m/n/10 na-nec; ot-vor ske-ner;
 []


Underfull \hbox (badness 4072) in paragraph at lines 711--711
\T1/lmr/m/n/10 na-ske-nuj platný kód
 []


Underfull \hbox (badness 10000) in paragraph at lines 711--711
\T1/lmr/m/n/10 za-mest-nanca; po-tvr¤
 []


Underfull \hbox (badness 3612) in paragraph at lines 712--713
[]|\T1/lmr/m/n/10 Záznam prí-chodu alebo od-
 []


Underfull \hbox (badness 10000) in paragraph at lines 714--714
[]|\T1/lmr/m/n/10 Skenovanie bez
 []


Underfull \hbox (badness 10000) in paragraph at lines 714--714
\T1/lmr/m/n/10 plat-ného QR /
 []


Underfull \hbox (badness 10000) in paragraph at lines 718--718
[]|\T1/lmr/m/n/10 Zobrazenie po-tvr-
 []


Underfull \hbox (badness 3323) in paragraph at lines 719--719
[]|\T1/lmr/m/n/10 Po úspe˛-nom UC-02
 []


Underfull \hbox (badness 10000) in paragraph at lines 719--719
\T1/lmr/m/n/10 sle-duj správu alebo
 []


Underfull \hbox (badness 1596) in paragraph at lines 720--721
\T1/lmr/m/n/10 znamu a Łasu alebo ek-vi-va-
 []


Underfull \hbox (badness 10000) in paragraph at lines 723--723
[]|\T1/lmr/m/n/10 Na hlav-nej stránke
 []


Underfull \hbox (badness 6792) in paragraph at lines 726--726
[]|\T1/lmr/m/n/10 Platné pri-hlá-se-nie
 []


Underfull \hbox (badness 10000) in paragraph at lines 727--727
[]|\T1/lmr/m/n/10 Otvor ad-min lo-gin;
 []


Underfull \hbox (badness 10000) in paragraph at lines 727--727
\T1/lmr/m/n/10 za-daj platné ad-min
 []


Underfull \hbox (badness 3690) in paragraph at lines 730--730
[]|\T1/lmr/m/n/10 Neplatné pri-hlá-se-
 []


Underfull \hbox (badness 10000) in paragraph at lines 734--734
[]|\T1/lmr/m/n/10 Filtrovanie do-
 []


Underfull \hbox (badness 10000) in paragraph at lines 738--738
[]|\T1/lmr/m/n/10 Úprava zá-znamu
 []


Underfull \hbox (badness 4024) in paragraph at lines 739--739
[]|\T1/lmr/m/n/10 Vyber ria-dok; uprav
 []


Underfull \hbox (badness 4660) in paragraph at lines 739--739
\T1/lmr/m/n/10 Łas alebo re-le-vantné
 []


Underfull \hbox (badness 3735) in paragraph at lines 740--741
[]|\T1/lmr/m/n/10 Zmeny per-sis-to-vané; ta-bu©ka
 []


Underfull \hbox (badness 10000) in paragraph at lines 742--742
[]|\T1/lmr/m/n/10 Vymazanie zá-
 []


Underfull \hbox (badness 10000) in paragraph at lines 747--747
[]|\T1/lmr/m/n/10 Nastav fil-ter (vo-li-
 []


Underfull \hbox (badness 3690) in paragraph at lines 747--747
\T1/lmr/m/n/10 te©ne); spusti export
 []


Underfull \hbox (badness 10000) in paragraph at lines 750--750
[]|\T1/lmr/m/n/10 Generovanie QR
 []


Underfull \hbox (badness 1796) in paragraph at lines 752--753
[]|\T1/lmr/m/n/10 QR sú-bor alebo ná-h©ad do-
 []


Underfull \hbox (badness 4441) in paragraph at lines 755--755
\T1/lmr/m/n/10 nanca (pod©a im-ple-
 []


Underfull \hbox (badness 6412) in paragraph at lines 756--757
[]|\T1/lmr/m/n/10 Zamestnanec je v sys-téme;
 []


Underfull \hbox (badness 10000) in paragraph at lines 758--758
[]|\T1/lmr/m/n/10 Deaktivácia za-
 []


Underfull \hbox (badness 10000) in paragraph at lines 759--759
[]|\T1/lmr/m/n/10 Deaktivuj
 []


Underfull \hbox (badness 10000) in paragraph at lines 759--759
\T1/lmr/m/n/10 úŁet/zamestnanca;
 []

ignored error: Infinite glue shrinkage found in box being split [25]
ignored error: Infinite glue shrinkage found in box being split [26]
LaTeX Font Info:    External font `lmex10' loaded for size
(Font)              <10> on input line 789.
LaTeX Font Info:    External font `lmex10' loaded for size
(Font)              <7> on input line 789.
LaTeX Font Info:    External font `lmex10' loaded for size
(Font)              <5> on input line 789.
 [27])
[28{/usr/local/texlive/2025basic/texmf-dist/fonts/enc/dvips/lm/lm-mathsy.enc}]
(./tukedip.aux (./formulacia.aux) (./analyza.aux))
 ***********
LaTeX2e <2025-11-01>
L3 programming layer <2026-01-19>
 ***********
Package rerunfilecheck Info: File `tukedip.out' has not changed.
(rerunfilecheck)             Checksum: B13D9E800A2758B3D6A8C3F9F507BA34;6419.
 ) 
Here is how much of TeX's memory you used:
 13184 strings out of 468991
 206566 string characters out of 5454207
 647174 words of memory out of 5000000
 41539 multiletter control sequences out of 15000+600000
 699954 words of font info for 98 fonts, out of 8000000 for 9000
 324 hyphenation exceptions out of 8191
 75i,8n,79p,465b,614s stack positions out of 10000i,1000n,20000p,200000b,200000s
</usr/local/texlive/2025basic/texmf-dist/fonts/type1/public/lm/lmbx10.pfb></u
sr/local/texlive/2025basic/texmf-dist/fonts/type1/public/lm/lmbx12.pfb></usr/lo
cal/texlive/2025basic/texmf-dist/fonts/type1/public/lm/lmr10.pfb></usr/local/te
xlive/2025basic/texmf-dist/fonts/type1/public/lm/lmr12.pfb></usr/local/texlive/
2025basic/texmf-dist/fonts/type1/public/lm/lmri10.pfb></usr/local/texlive/2025b
asic/texmf-dist/fonts/type1/public/lm/lmri12.pfb></usr/local/texlive/2025basic/
texmf-dist/fonts/type1/public/lm/lmss10.pfb></usr/local/texlive/2025basic/texmf
-dist/fonts/type1/public/lm/lmsy10.pfb></usr/local/texlive/2025basic/texmf-dist
/fonts/type1/public/lm/lmtk10.pfb></usr/local/texlive/2025basic/texmf-dist/font
s/type1/public/lm/lmtt10.pfb></usr/local/texlive/2025basic/texmf-dist/fonts/typ
e1/public/lm/lmtt12.pfb>
Output written on tukedip.pdf (28 pages, 839656 bytes).
PDF statistics:
 391 PDF objects out of 1000 (max. 8388607)
 315 compressed objects within 4 object streams
 75 named destinations out of 1000 (max. 500000)
 274 words of extra memory for PDF output out of 10000 (max. 10000000)

